<?xml version="1.0" encoding="UTF-8"?>
<!-- Generated by org.testng.reporters.JUnitReportReporter -->
<testsuite hostname="DESKTOP-TH63HAS" failures="0" tests="1" name="APIChaining.EndToEnd_Test" time="2.168" errors="0" timestamp="29 May 2022 06:29:36 GMT" skipped="0">
  <testcase classname="APIChaining.EndToEnd_Test" name="test1" time="2.168"/>
</testsuite> <!-- APIChaining.EndToEnd_Test -->
