<?xml version="1.0" encoding="UTF-8"?>
<!-- Generated by org.testng.reporters.JUnitReportReporter -->
<testsuite hostname="DESKTOP-TH63HAS" failures="0" tests="1" name="RestAPI.PutRequest" time="2.096" errors="0" timestamp="29 May 2022 04:06:40 GMT" skipped="0">
  <testcase classname="RestAPI.PutRequest" name="test1" time="2.096"/>
</testsuite> <!-- RestAPI.PutRequest -->
