<?xml version="1.0" encoding="UTF-8"?>
<!-- Generated by org.testng.reporters.JUnitReportReporter -->
<testsuite hostname="DESKTOP-TH63HAS" failures="0" tests="1" name="RestAPI.DeleteRequest" time="1.315" errors="0" timestamp="29 May 2022 05:18:49 GMT" skipped="0">
  <testcase classname="RestAPI.DeleteRequest" name="test1" time="1.315"/>
</testsuite> <!-- RestAPI.DeleteRequest -->
