<?xml version="1.0" encoding="UTF-8"?>
<!-- Generated by org.testng.reporters.JUnitReportReporter -->
<testsuite hostname="DESKTOP-TH63HAS" failures="0" tests="1" name="Github.EndtoEndTesting" time="2.090" errors="0" timestamp="29 May 2022 06:53:05 GMT" skipped="0">
  <testcase classname="Github.EndtoEndTesting" name="test1" time="2.090"/>
</testsuite> <!-- Github.EndtoEndTesting -->
