<?xml version="1.0" encoding="UTF-8"?>
<!-- Generated by org.testng.reporters.JUnitReportReporter -->
<testsuite hostname="DESKTOP-TH63HAS" failures="0" tests="1" name="RestAPI.PostRequest_fromfile" time="2.109" errors="0" timestamp="28 May 2022 07:14:24 GMT" skipped="0">
  <testcase classname="RestAPI.PostRequest_fromfile" name="test1" time="2.109"/>
</testsuite> <!-- RestAPI.PostRequest_fromfile -->
