<?xml version="1.0" encoding="UTF-8"?>
<!-- Generated by org.testng.reporters.JUnitReportReporter -->
<testsuite hostname="DESKTOP-TH63HAS" failures="0" tests="1" name="RestAPI.PostRequestwithMap" time="2.035" errors="0" timestamp="28 May 2022 06:59:53 GMT" skipped="0">
  <testcase classname="RestAPI.PostRequestwithMap" name="test1" time="2.035"/>
</testsuite> <!-- RestAPI.PostRequestwithMap -->
