<?xml version="1.0" encoding="UTF-8"?>
<!-- Generated by org.testng.reporters.JUnitReportReporter -->
<testsuite hostname="DESKTOP-TH63HAS" failures="0" tests="1" name="RestAPI.PostRequestwithJsonObject" time="1.963" errors="0" timestamp="28 May 2022 06:42:27 GMT" skipped="0">
  <testcase classname="RestAPI.PostRequestwithJsonObject" name="test1" time="1.963"/>
</testsuite> <!-- RestAPI.PostRequestwithJsonObject -->
